<?xml version="1.0" encoding="UTF-8"?>
<testng-results skipped="0" failed="0" total="1" passed="1">
  <reporter-output>
  </reporter-output>
  <suite name="Default suite" duration-ms="56769" started-at="2021-04-28T10:57:12Z" finished-at="2021-04-28T10:58:09Z">
    <groups>
    </groups>
    <test name="Default test" duration-ms="56769" started-at="2021-04-28T10:57:12Z" finished-at="2021-04-28T10:58:09Z">
      <class name="com.crm.vtigerTests.CreateOrgWithIndustryTest">
        <test-method status="PASS" signature="createOrgWithIndustry()[pri:0, instance:com.crm.vtigerTests.CreateOrgWithIndustryTest@6adede5]" name="createOrgWithIndustry" duration-ms="56697" started-at="2021-04-28T16:27:12Z" finished-at="2021-04-28T16:28:09Z">
          <reporter-output>
          </reporter-output>
        </test-method> <!-- createOrgWithIndustry -->
      </class> <!-- com.crm.vtigerTests.CreateOrgWithIndustryTest -->
    </test> <!-- Default test -->
  </suite> <!-- Default suite -->
</testng-results>
